C:\IT\GAME\GAME\GAME\DEBUG\GAME.PCH
C:\IT\GAME\GAME\GAME\DEBUG\STDAFX.OBJ
C:\IT\GAME\GAME\GAME\DEBUG\VC110.PDB
C:\IT\GAME\GAME\GAME\DEBUG\GAME.OBJ
C:\IT\GAME\GAME\GAME\DEBUG\MAIN.OBJ
C:\IT\GAME\GAME\GAME\DEBUG\BASEOBJECT.OBJ
C:\IT\GAME\GAME\GAME\DEBUG\COMMONFUNTION.OBJ
C:\IT\GAME\GAME\GAME\DEBUG\COMMONFUNCTION.OBJ
C:\IT\GAME\GAME\GAME\DEBUG\MAINOBJECT.OBJ
C:\IT\GAME\GAME\GAME\DEBUG\TIMER.OBJ
C:\IT\GAME\GAME\GAME\DEBUG\PIPEOBJECT.OBJ
C:\IT\GAME\GAME\GAME\DEBUG\GROUNDOBJECT.OBJ
C:\IT\GAME\GAME\GAME\DEBUG\TEXTOBJECT.OBJ
C:\IT\GAME\GAME\GAME\DEBUG\GAMEMENU.OBJ
C:\IT\GAME\GAME\DEBUG\GAME.ILK
C:\IT\GAME\GAME\DEBUG\GAME.EXE
C:\IT\GAME\GAME\DEBUG\GAME.PDB
C:\IT\game\GAME\GAME\Debug\BaseObject.obj
C:\IT\game\GAME\GAME\Debug\CommonFunction.obj
C:\IT\game\GAME\GAME\Debug\CommonFuntion.obj
C:\IT\game\GAME\GAME\Debug\GAME.obj
C:\IT\game\GAME\GAME\Debug\GameMenu.obj
C:\IT\game\GAME\GAME\Debug\GroundObject.obj
C:\IT\game\GAME\GAME\Debug\main.obj
C:\IT\game\GAME\GAME\Debug\MainObject.obj
C:\IT\game\GAME\GAME\Debug\PipeObject.obj
C:\IT\game\GAME\GAME\Debug\stdafx.obj
C:\IT\game\GAME\GAME\Debug\TextObject.obj
C:\IT\game\GAME\GAME\Debug\Timer.obj
C:\IT\game\GAME\GAME\Debug\cl.command.1.tlog
C:\IT\game\GAME\GAME\Debug\CL.read.1.tlog
C:\IT\game\GAME\GAME\Debug\CL.write.1.tlog
C:\IT\game\GAME\GAME\Debug\link-cvtres.read.1.tlog
C:\IT\game\GAME\GAME\Debug\link-cvtres.write.1.tlog
C:\IT\game\GAME\GAME\Debug\link-rc.read.1.tlog
C:\IT\game\GAME\GAME\Debug\link-rc.write.1.tlog
C:\IT\game\GAME\GAME\Debug\link.10248-cvtres.read.1.tlog
C:\IT\game\GAME\GAME\Debug\link.10248-cvtres.write.1.tlog
C:\IT\game\GAME\GAME\Debug\link.10248-rc.read.1.tlog
C:\IT\game\GAME\GAME\Debug\link.10248-rc.write.1.tlog
C:\IT\game\GAME\GAME\Debug\link.10248.read.1.tlog
C:\IT\game\GAME\GAME\Debug\link.10248.write.1.tlog
C:\IT\game\GAME\GAME\Debug\link.11248-cvtres.read.1.tlog
C:\IT\game\GAME\GAME\Debug\link.11248-cvtres.write.1.tlog
C:\IT\game\GAME\GAME\Debug\link.11248-rc.read.1.tlog
C:\IT\game\GAME\GAME\Debug\link.11248-rc.write.1.tlog
C:\IT\game\GAME\GAME\Debug\link.11248.read.1.tlog
C:\IT\game\GAME\GAME\Debug\link.11248.write.1.tlog
C:\IT\game\GAME\GAME\Debug\link.1232-cvtres.read.1.tlog
C:\IT\game\GAME\GAME\Debug\link.1232-cvtres.write.1.tlog
C:\IT\game\GAME\GAME\Debug\link.1232-rc.read.1.tlog
C:\IT\game\GAME\GAME\Debug\link.1232-rc.write.1.tlog
C:\IT\game\GAME\GAME\Debug\link.1232.read.1.tlog
C:\IT\game\GAME\GAME\Debug\link.1232.write.1.tlog
C:\IT\game\GAME\GAME\Debug\link.12544-cvtres.read.1.tlog
C:\IT\game\GAME\GAME\Debug\link.12544-cvtres.write.1.tlog
C:\IT\game\GAME\GAME\Debug\link.12544-rc.read.1.tlog
C:\IT\game\GAME\GAME\Debug\link.12544-rc.write.1.tlog
C:\IT\game\GAME\GAME\Debug\link.12544.read.1.tlog
C:\IT\game\GAME\GAME\Debug\link.12544.write.1.tlog
C:\IT\game\GAME\GAME\Debug\link.1328-cvtres.read.1.tlog
C:\IT\game\GAME\GAME\Debug\link.1328-cvtres.write.1.tlog
C:\IT\game\GAME\GAME\Debug\link.1328-rc.read.1.tlog
C:\IT\game\GAME\GAME\Debug\link.1328-rc.write.1.tlog
C:\IT\game\GAME\GAME\Debug\link.1328.read.1.tlog
C:\IT\game\GAME\GAME\Debug\link.1328.write.1.tlog
C:\IT\game\GAME\GAME\Debug\link.1388-cvtres.read.1.tlog
C:\IT\game\GAME\GAME\Debug\link.1388-cvtres.write.1.tlog
C:\IT\game\GAME\GAME\Debug\link.1388-rc.read.1.tlog
C:\IT\game\GAME\GAME\Debug\link.1388-rc.write.1.tlog
C:\IT\game\GAME\GAME\Debug\link.1388.read.1.tlog
C:\IT\game\GAME\GAME\Debug\link.1388.write.1.tlog
C:\IT\game\GAME\GAME\Debug\link.14616-cvtres.read.1.tlog
C:\IT\game\GAME\GAME\Debug\link.14616-cvtres.write.1.tlog
C:\IT\game\GAME\GAME\Debug\link.14616-rc.read.1.tlog
C:\IT\game\GAME\GAME\Debug\link.14616-rc.write.1.tlog
C:\IT\game\GAME\GAME\Debug\link.14616.read.1.tlog
C:\IT\game\GAME\GAME\Debug\link.14616.write.1.tlog
C:\IT\game\GAME\GAME\Debug\link.1580-cvtres.read.1.tlog
C:\IT\game\GAME\GAME\Debug\link.1580-cvtres.write.1.tlog
C:\IT\game\GAME\GAME\Debug\link.1580-rc.read.1.tlog
C:\IT\game\GAME\GAME\Debug\link.1580-rc.write.1.tlog
C:\IT\game\GAME\GAME\Debug\link.1580.read.1.tlog
C:\IT\game\GAME\GAME\Debug\link.1580.write.1.tlog
C:\IT\game\GAME\GAME\Debug\link.16976-cvtres.read.1.tlog
C:\IT\game\GAME\GAME\Debug\link.16976-cvtres.write.1.tlog
C:\IT\game\GAME\GAME\Debug\link.16976-rc.read.1.tlog
C:\IT\game\GAME\GAME\Debug\link.16976-rc.write.1.tlog
C:\IT\game\GAME\GAME\Debug\link.16976.read.1.tlog
C:\IT\game\GAME\GAME\Debug\link.16976.write.1.tlog
C:\IT\game\GAME\GAME\Debug\link.176-cvtres.read.1.tlog
C:\IT\game\GAME\GAME\Debug\link.176-cvtres.write.1.tlog
C:\IT\game\GAME\GAME\Debug\link.176-rc.read.1.tlog
C:\IT\game\GAME\GAME\Debug\link.176-rc.write.1.tlog
C:\IT\game\GAME\GAME\Debug\link.176.read.1.tlog
C:\IT\game\GAME\GAME\Debug\link.176.write.1.tlog
C:\IT\game\GAME\GAME\Debug\link.1800-cvtres.read.1.tlog
C:\IT\game\GAME\GAME\Debug\link.1800-cvtres.write.1.tlog
C:\IT\game\GAME\GAME\Debug\link.1800-rc.read.1.tlog
C:\IT\game\GAME\GAME\Debug\link.1800-rc.write.1.tlog
C:\IT\game\GAME\GAME\Debug\link.1800.read.1.tlog
C:\IT\game\GAME\GAME\Debug\link.1800.write.1.tlog
C:\IT\game\GAME\GAME\Debug\link.18472-cvtres.read.1.tlog
C:\IT\game\GAME\GAME\Debug\link.18472-cvtres.write.1.tlog
C:\IT\game\GAME\GAME\Debug\link.18472-rc.read.1.tlog
C:\IT\game\GAME\GAME\Debug\link.18472-rc.write.1.tlog
C:\IT\game\GAME\GAME\Debug\link.18472.read.1.tlog
C:\IT\game\GAME\GAME\Debug\link.18472.write.1.tlog
C:\IT\game\GAME\GAME\Debug\link.18664-cvtres.read.1.tlog
C:\IT\game\GAME\GAME\Debug\link.18664-cvtres.write.1.tlog
C:\IT\game\GAME\GAME\Debug\link.18664-rc.read.1.tlog
C:\IT\game\GAME\GAME\Debug\link.18664-rc.write.1.tlog
C:\IT\game\GAME\GAME\Debug\link.18664.read.1.tlog
C:\IT\game\GAME\GAME\Debug\link.18664.write.1.tlog
C:\IT\game\GAME\GAME\Debug\link.19868-cvtres.read.1.tlog
C:\IT\game\GAME\GAME\Debug\link.19868-cvtres.write.1.tlog
C:\IT\game\GAME\GAME\Debug\link.19868-rc.read.1.tlog
C:\IT\game\GAME\GAME\Debug\link.19868-rc.write.1.tlog
C:\IT\game\GAME\GAME\Debug\link.19868.read.1.tlog
C:\IT\game\GAME\GAME\Debug\link.19868.write.1.tlog
C:\IT\game\GAME\GAME\Debug\link.20028-cvtres.read.1.tlog
C:\IT\game\GAME\GAME\Debug\link.20028-cvtres.write.1.tlog
C:\IT\game\GAME\GAME\Debug\link.20028-rc.read.1.tlog
C:\IT\game\GAME\GAME\Debug\link.20028-rc.write.1.tlog
C:\IT\game\GAME\GAME\Debug\link.20028.read.1.tlog
C:\IT\game\GAME\GAME\Debug\link.20028.write.1.tlog
C:\IT\game\GAME\GAME\Debug\link.20336-cvtres.read.1.tlog
C:\IT\game\GAME\GAME\Debug\link.20336-cvtres.write.1.tlog
C:\IT\game\GAME\GAME\Debug\link.20336-rc.read.1.tlog
C:\IT\game\GAME\GAME\Debug\link.20336-rc.write.1.tlog
C:\IT\game\GAME\GAME\Debug\link.20336.read.1.tlog
C:\IT\game\GAME\GAME\Debug\link.20336.write.1.tlog
C:\IT\game\GAME\GAME\Debug\link.20664-cvtres.read.1.tlog
C:\IT\game\GAME\GAME\Debug\link.20664-cvtres.write.1.tlog
C:\IT\game\GAME\GAME\Debug\link.20664-rc.read.1.tlog
C:\IT\game\GAME\GAME\Debug\link.20664-rc.write.1.tlog
C:\IT\game\GAME\GAME\Debug\link.20664.read.1.tlog
C:\IT\game\GAME\GAME\Debug\link.20664.write.1.tlog
C:\IT\game\GAME\GAME\Debug\link.2716-cvtres.read.1.tlog
C:\IT\game\GAME\GAME\Debug\link.2716-cvtres.write.1.tlog
C:\IT\game\GAME\GAME\Debug\link.2716-rc.read.1.tlog
C:\IT\game\GAME\GAME\Debug\link.2716-rc.write.1.tlog
C:\IT\game\GAME\GAME\Debug\link.2716.read.1.tlog
C:\IT\game\GAME\GAME\Debug\link.2716.write.1.tlog
C:\IT\game\GAME\GAME\Debug\link.3080-cvtres.read.1.tlog
C:\IT\game\GAME\GAME\Debug\link.3080-cvtres.write.1.tlog
C:\IT\game\GAME\GAME\Debug\link.3080-rc.read.1.tlog
C:\IT\game\GAME\GAME\Debug\link.3080-rc.write.1.tlog
C:\IT\game\GAME\GAME\Debug\link.3080.read.1.tlog
C:\IT\game\GAME\GAME\Debug\link.3080.write.1.tlog
C:\IT\game\GAME\GAME\Debug\link.5592-cvtres.read.1.tlog
C:\IT\game\GAME\GAME\Debug\link.5592-cvtres.write.1.tlog
C:\IT\game\GAME\GAME\Debug\link.5592-rc.read.1.tlog
C:\IT\game\GAME\GAME\Debug\link.5592-rc.write.1.tlog
C:\IT\game\GAME\GAME\Debug\link.5592.read.1.tlog
C:\IT\game\GAME\GAME\Debug\link.5592.write.1.tlog
C:\IT\game\GAME\GAME\Debug\link.6504-cvtres.read.1.tlog
C:\IT\game\GAME\GAME\Debug\link.6504-cvtres.write.1.tlog
C:\IT\game\GAME\GAME\Debug\link.6504-rc.read.1.tlog
C:\IT\game\GAME\GAME\Debug\link.6504-rc.write.1.tlog
C:\IT\game\GAME\GAME\Debug\link.6504.read.1.tlog
C:\IT\game\GAME\GAME\Debug\link.6504.write.1.tlog
C:\IT\game\GAME\GAME\Debug\link.8064-cvtres.read.1.tlog
C:\IT\game\GAME\GAME\Debug\link.8064-cvtres.write.1.tlog
C:\IT\game\GAME\GAME\Debug\link.8064-rc.read.1.tlog
C:\IT\game\GAME\GAME\Debug\link.8064-rc.write.1.tlog
C:\IT\game\GAME\GAME\Debug\link.8064.read.1.tlog
C:\IT\game\GAME\GAME\Debug\link.8064.write.1.tlog
C:\IT\game\GAME\GAME\Debug\link.8532-cvtres.read.1.tlog
C:\IT\game\GAME\GAME\Debug\link.8532-cvtres.write.1.tlog
C:\IT\game\GAME\GAME\Debug\link.8532-rc.read.1.tlog
C:\IT\game\GAME\GAME\Debug\link.8532-rc.write.1.tlog
C:\IT\game\GAME\GAME\Debug\link.8532.read.1.tlog
C:\IT\game\GAME\GAME\Debug\link.8532.write.1.tlog
C:\IT\game\GAME\GAME\Debug\link.9288-cvtres.read.1.tlog
C:\IT\game\GAME\GAME\Debug\link.9288-cvtres.write.1.tlog
C:\IT\game\GAME\GAME\Debug\link.9288-rc.read.1.tlog
C:\IT\game\GAME\GAME\Debug\link.9288-rc.write.1.tlog
C:\IT\game\GAME\GAME\Debug\link.9288.read.1.tlog
C:\IT\game\GAME\GAME\Debug\link.9288.write.1.tlog
C:\IT\game\GAME\GAME\Debug\link.command.1.tlog
C:\IT\game\GAME\GAME\Debug\link.read.1.tlog
C:\IT\game\GAME\GAME\Debug\link.write.1.tlog
C:\IT\game\GAME\GAME\Debug\GAME.pch
C:\IT\game\GAME\GAME\Debug\vc110.idb
C:\IT\game\GAME\GAME\Debug\vc142.idb
C:\IT\game\GAME\GAME\Debug\vc110.pdb
C:\IT\game\GAME\GAME\Debug\vc142.pdb
C:\IT\game\GAME\Debug\GAME.pdb
C:\IT\game\GAME\Debug\GAME.exe
C:\IT\game\GAME\Debug\GAME.ilk
